{
  "stats": {
    "suites": 1,
    "tests": 21,
    "passes": 21,
    "pending": 0,
    "failures": 0,
    "start": "2025-05-25T20:06:34.402Z",
    "end": "2025-05-25T20:10:29.311Z",
    "duration": 234909,
    "testsRegistered": 21,
    "passPercent": 100,
    "pendingPercent": 0,
    "other": 0,
    "hasOther": false,
    "skipped": 0,
    "hasSkipped": false
  },
  "results": [
    {
      "uuid": "24037c9c-bbc4-421b-ba06-cb928c2f9675",
      "title": "",
      "fullFile": "cypress\\e2e\\projetos\\projetos.cy.js",
      "file": "cypress\\e2e\\projetos\\projetos.cy.js",
      "beforeHooks": [],
      "afterHooks": [],
      "tests": [],
      "suites": [
        {
          "uuid": "59fa2d4e-871b-40db-a8f4-dc58cfc891e0",
          "title": "Testes da funcionalidade Projetos",
          "fullFile": "",
          "file": "",
          "beforeHooks": [],
          "afterHooks": [],
          "tests": [
            {
              "title": "Deve acessar a página de Projetos com sucesso",
              "fullTitle": "Testes da funcionalidade Projetos Deve acessar a página de Projetos com sucesso",
              "timedOut": null,
              "duration": 3809,
              "state": "passed",
              "speed": "fast",
              "pass": true,
              "fail": false,
              "pending": false,
              "context": null,
              "code": "cy.contains('Projetos').click();\ncy.url().should('include', '/projetos');\ncy.contains('Projetos').should('be.visible');",
              "err": {},
              "uuid": "d1befbd5-5c8d-49bc-9bf3-6d76f0c411fb",
              "parentUUID": "59fa2d4e-871b-40db-a8f4-dc58cfc891e0",
              "isHook": false,
              "skipped": false
            },
            {
              "title": "Deve cadastrar um projeto válido",
              "fullTitle": "Testes da funcionalidade Projetos Deve cadastrar um projeto válido",
              "timedOut": null,
              "duration": 11122,
              "state": "passed",
              "speed": "slow",
              "pass": true,
              "fail": false,
              "pending": false,
              "context": null,
              "code": "let infos = criarUsuarioOrientador();\nlet infos1 = criarUsuarioAluno();\nlet infos2 = ProjetoNome();\ncy.visit('https://confianopai.com/adm/add-projeto');\ncy.get('[href=\"/adm/add-projeto/cadastro\"]').click();\ncy.get(':nth-child(1) > :nth-child(2) > .sc-hsaIUA').type(infos2[0]);\ncy.get(':nth-child(2) > :nth-child(2) > .sc-hsaIUA').type(infos1[2]);\ncy.get(':nth-child(6) > :nth-child(2) > .sc-hsaIUA').type(infos[2]);\ncy.get(':nth-child(1) > .sc-bZTyFN > .sc-hlqirL').select('Sem pendências');\ncy.get(':nth-child(2) > .sc-bZTyFN > .sc-hlqirL').select('Outro');\ncy.get('.sc-eGgGjL > :nth-child(1)').click();\ncy.contains('Equipe criada com sucesso!').should('be.visible');",
              "err": {},
              "uuid": "7833efe1-12bf-4b3d-a550-947d34219805",
              "parentUUID": "59fa2d4e-871b-40db-a8f4-dc58cfc891e0",
              "isHook": false,
              "skipped": false
            },
            {
              "title": "Tentativa de cadastrar um projeto inválido sem nome",
              "fullTitle": "Testes da funcionalidade Projetos Tentativa de cadastrar um projeto inválido sem nome",
              "timedOut": null,
              "duration": 10348,
              "state": "passed",
              "speed": "slow",
              "pass": true,
              "fail": false,
              "pending": false,
              "context": null,
              "code": "let infos = criarUsuarioOrientador();\nlet infos1 = criarUsuarioAluno();\nlet infos2 = ProjetoNome();\ncy.visit('https://confianopai.com/adm/add-projeto');\ncy.get('[href=\"/adm/add-projeto/cadastro\"]').click();\ncy.get(':nth-child(2) > :nth-child(2) > .sc-hsaIUA').type(infos1[2]);\ncy.get(':nth-child(6) > :nth-child(2) > .sc-hsaIUA').type(infos[2]);\ncy.get(':nth-child(1) > .sc-bZTyFN > .sc-hlqirL').select('Sem pendências');\ncy.get(':nth-child(2) > .sc-bZTyFN > .sc-hlqirL').select('Outro');\ncy.get('.sc-eGgGjL > :nth-child(1)').click();\ncy.contains('Por favor, adicione o nome do projeto.').should('be.visible');",
              "err": {},
              "uuid": "2f2144b5-3bc9-44ce-b786-558d39d735d7",
              "parentUUID": "59fa2d4e-871b-40db-a8f4-dc58cfc891e0",
              "isHook": false,
              "skipped": false
            },
            {
              "title": "Tentativa de cadastrar um projeto inválido sem integrante",
              "fullTitle": "Testes da funcionalidade Projetos Tentativa de cadastrar um projeto inválido sem integrante",
              "timedOut": null,
              "duration": 9913,
              "state": "passed",
              "speed": "medium",
              "pass": true,
              "fail": false,
              "pending": false,
              "context": null,
              "code": "let infos = criarUsuarioOrientador();\nlet infos1 = criarUsuarioAluno();\nlet infos2 = ProjetoNome();\ncy.visit('https://confianopai.com/adm/add-projeto');\ncy.get('[href=\"/adm/add-projeto/cadastro\"]').click();\ncy.get(':nth-child(1) > :nth-child(2) > .sc-hsaIUA').type(infos2[0]);\ncy.get(':nth-child(6) > :nth-child(2) > .sc-hsaIUA').type(infos[2]);\ncy.get(':nth-child(1) > .sc-bZTyFN > .sc-hlqirL').select('Sem pendências');\ncy.get(':nth-child(2) > .sc-bZTyFN > .sc-hlqirL').select('Outro');\ncy.get('.sc-eGgGjL > :nth-child(1)').click();\ncy.contains('Por favor, adicione pelo menos um integrante.').should('be.visible');",
              "err": {},
              "uuid": "fccac0c0-1140-4394-83da-4e3bb65393e9",
              "parentUUID": "59fa2d4e-871b-40db-a8f4-dc58cfc891e0",
              "isHook": false,
              "skipped": false
            },
            {
              "title": "Tentativa de cadastrar um projeto inválido com integrante inválido",
              "fullTitle": "Testes da funcionalidade Projetos Tentativa de cadastrar um projeto inválido com integrante inválido",
              "timedOut": null,
              "duration": 10118,
              "state": "passed",
              "speed": "slow",
              "pass": true,
              "fail": false,
              "pending": false,
              "context": null,
              "code": "let infos = criarUsuarioOrientador();\nlet infos1 = criarUsuarioAluno();\nlet infos2 = ProjetoNome();\ncy.visit('https://confianopai.com/adm/add-projeto');\ncy.get('[href=\"/adm/add-projeto/cadastro\"]').click();\ncy.get(':nth-child(1) > :nth-child(2) > .sc-hsaIUA').type(infos2[0]);\ncy.get(':nth-child(2) > :nth-child(2) > .sc-hsaIUA').type(infos1[0]);\ncy.get(':nth-child(6) > :nth-child(2) > .sc-hsaIUA').type(infos[2]);\ncy.get(':nth-child(1) > .sc-bZTyFN > .sc-hlqirL').select('Sem pendências');\ncy.get(':nth-child(2) > .sc-bZTyFN > .sc-hlqirL').select('Outro');\ncy.get('.sc-eGgGjL > :nth-child(1)').click();\ncy.contains('Erro ao buscar o nome do membro. Verifique o email e tente novamente.').should('be.visible');",
              "err": {},
              "uuid": "8d12225f-d149-4348-a07d-9bf47bda9b6e",
              "parentUUID": "59fa2d4e-871b-40db-a8f4-dc58cfc891e0",
              "isHook": false,
              "skipped": false
            },
            {
              "title": "Tentativa de cadastrar um projeto inválido sem orientador",
              "fullTitle": "Testes da funcionalidade Projetos Tentativa de cadastrar um projeto inválido sem orientador",
              "timedOut": null,
              "duration": 10192,
              "state": "passed",
              "speed": "slow",
              "pass": true,
              "fail": false,
              "pending": false,
              "context": null,
              "code": "let infos = criarUsuarioOrientador();\nlet infos1 = criarUsuarioAluno();\nlet infos2 = ProjetoNome();\ncy.visit('https://confianopai.com/adm/add-projeto');\ncy.get('[href=\"/adm/add-projeto/cadastro\"]').click();\ncy.get(':nth-child(1) > :nth-child(2) > .sc-hsaIUA').type(infos2[0]);\ncy.get(':nth-child(2) > :nth-child(2) > .sc-hsaIUA').type(infos1[2]);\ncy.get(':nth-child(1) > .sc-bZTyFN > .sc-hlqirL').select('Sem pendências');\ncy.get(':nth-child(2) > .sc-bZTyFN > .sc-hlqirL').select('Outro');\ncy.get('.sc-eGgGjL > :nth-child(1)').click();\ncy.contains('Por favor, adicione um orientador.').should('be.visible');",
              "err": {},
              "uuid": "4807ab47-8549-4419-ac96-d57e360f61c7",
              "parentUUID": "59fa2d4e-871b-40db-a8f4-dc58cfc891e0",
              "isHook": false,
              "skipped": false
            },
            {
              "title": "Tentativa de um projeto inválido sem status",
              "fullTitle": "Testes da funcionalidade Projetos Tentativa de um projeto inválido sem status",
              "timedOut": null,
              "duration": 10546,
              "state": "passed",
              "speed": "slow",
              "pass": true,
              "fail": false,
              "pending": false,
              "context": null,
              "code": "let infos = criarUsuarioOrientador();\nlet infos1 = criarUsuarioAluno();\nlet infos2 = ProjetoNome();\ncy.visit('https://confianopai.com/adm/add-projeto');\ncy.get('[href=\"/adm/add-projeto/cadastro\"]').click();\ncy.get(':nth-child(1) > :nth-child(2) > .sc-hsaIUA').type(infos2[0]);\ncy.get(':nth-child(2) > :nth-child(2) > .sc-hsaIUA').type(infos1[2]);\ncy.get(':nth-child(6) > :nth-child(2) > .sc-hsaIUA').type(infos[2]);\ncy.get(':nth-child(2) > .sc-bZTyFN > .sc-hlqirL').select('Outro');\ncy.get('.sc-eGgGjL > :nth-child(1)').click();\ncy.contains('Por favor, selecione um status.').should('be.visible');",
              "err": {},
              "uuid": "e1d40417-85ed-45f8-a9d9-e322f497b6df",
              "parentUUID": "59fa2d4e-871b-40db-a8f4-dc58cfc891e0",
              "isHook": false,
              "skipped": false
            },
            {
              "title": "Tentativa de cadastrar um projeto inválido sem paralela",
              "fullTitle": "Testes da funcionalidade Projetos Tentativa de cadastrar um projeto inválido sem paralela",
              "timedOut": null,
              "duration": 10479,
              "state": "passed",
              "speed": "slow",
              "pass": true,
              "fail": false,
              "pending": false,
              "context": null,
              "code": "let infos = criarUsuarioOrientador();\nlet infos1 = criarUsuarioAluno();\nlet infos2 = ProjetoNome();\ncy.visit('https://confianopai.com/adm/add-projeto');\ncy.get('[href=\"/adm/add-projeto/cadastro\"]').click();\ncy.get(':nth-child(1) > :nth-child(2) > .sc-hsaIUA').type(infos2[0]);\ncy.get(':nth-child(2) > :nth-child(2) > .sc-hsaIUA').type(infos1[2]);\ncy.get(':nth-child(6) > :nth-child(2) > .sc-hsaIUA').type(infos[2]);\ncy.get(':nth-child(1) > .sc-bZTyFN > .sc-hlqirL').select('Sem pendências');\ncy.get('.sc-eGgGjL > :nth-child(1)').click();\ncy.contains('Por favor, selecione uma paralela.').should('be.visible');",
              "err": {},
              "uuid": "12b7535c-34e2-468e-8581-9e39b1b9959c",
              "parentUUID": "59fa2d4e-871b-40db-a8f4-dc58cfc891e0",
              "isHook": false,
              "skipped": false
            },
            {
              "title": "Tentativa de cadastrar um projeto inválido vazio",
              "fullTitle": "Testes da funcionalidade Projetos Tentativa de cadastrar um projeto inválido vazio",
              "timedOut": null,
              "duration": 3012,
              "state": "passed",
              "speed": "fast",
              "pass": true,
              "fail": false,
              "pending": false,
              "context": null,
              "code": "cy.visit('https://confianopai.com/adm/add-projeto');\ncy.get('[href=\"/adm/add-projeto/cadastro\"]').click();\ncy.get('.sc-eGgGjL > :nth-child(1)').click();\ncy.contains('Por favor, adicione o nome do projeto.').should('be.visible');",
              "err": {},
              "uuid": "e97b311a-e714-4e59-8464-84af0058f6e0",
              "parentUUID": "59fa2d4e-871b-40db-a8f4-dc58cfc891e0",
              "isHook": false,
              "skipped": false
            },
            {
              "title": "Deve cadastrar um projeto com um arquivo inválido",
              "fullTitle": "Testes da funcionalidade Projetos Deve cadastrar um projeto com um arquivo inválido",
              "timedOut": null,
              "duration": 3315,
              "state": "passed",
              "speed": "fast",
              "pass": true,
              "fail": false,
              "pending": false,
              "context": null,
              "code": "cy.visit('https://confianopai.com/adm/add-projeto');\ncy.get('[id=\"fileInput\"]').selectFile('cypress/fixtures/arquivo-invalido.txt', {\n  force: true\n});\ncy.get('.sc-eIPYkq > :nth-child(1)').click();\ncy.contains('Erro ao criar equipe. Tente novamente.').should('be.visible');",
              "err": {},
              "uuid": "7ca9f85b-0d37-44b2-8f50-58ac6848750e",
              "parentUUID": "59fa2d4e-871b-40db-a8f4-dc58cfc891e0",
              "isHook": false,
              "skipped": false
            },
            {
              "title": "Procurar um projeto criado",
              "fullTitle": "Testes da funcionalidade Projetos Procurar um projeto criado",
              "timedOut": null,
              "duration": 11597,
              "state": "passed",
              "speed": "slow",
              "pass": true,
              "fail": false,
              "pending": false,
              "context": null,
              "code": "let infos = criarUsuarioOrientador();\nlet infos1 = criarUsuarioAluno();\nlet infos2 = ProjetoNome();\ncy.visit('https://confianopai.com/adm/add-projeto');\ncy.get('[href=\"/adm/add-projeto/cadastro\"]').click();\ncy.get(':nth-child(1) > :nth-child(2) > .sc-hsaIUA').type(infos2[0]);\ncy.get(':nth-child(2) > :nth-child(2) > .sc-hsaIUA').type(infos1[2]);\ncy.get(':nth-child(6) > :nth-child(2) > .sc-hsaIUA').type(infos[2]);\ncy.get(':nth-child(1) > .sc-bZTyFN > .sc-hlqirL').select('Sem pendências');\ncy.get(':nth-child(2) > .sc-bZTyFN > .sc-hlqirL').select('Outro');\ncy.get('.sc-eGgGjL > :nth-child(1)').click();\ncy.contains('Equipe criada com sucesso!').should('be.visible');\ncy.visit('https://confianopai.com/adm/projetos');\ncy.get('.sc-ckdEwu').type(infos2[0]);\ncy.contains(infos2[0]).should('be.visible');",
              "err": {},
              "uuid": "f6ead586-cb55-482a-9589-80c5a5bcb0c6",
              "parentUUID": "59fa2d4e-871b-40db-a8f4-dc58cfc891e0",
              "isHook": false,
              "skipped": false
            },
            {
              "title": "Adicionar um membro ao projeto depois de criado",
              "fullTitle": "Testes da funcionalidade Projetos Adicionar um membro ao projeto depois de criado",
              "timedOut": null,
              "duration": 15329,
              "state": "passed",
              "speed": "slow",
              "pass": true,
              "fail": false,
              "pending": false,
              "context": null,
              "code": "let infos = criarUsuarioOrientador();\nlet infos1 = criarUsuarioAluno();\nlet infosAluno2 = criarUsuarioAluno();\nlet infos2 = ProjetoNome();\ncy.visit('https://confianopai.com/adm/add-projeto');\ncy.get('[href=\"/adm/add-projeto/cadastro\"]').click();\ncy.get(':nth-child(1) > :nth-child(2) > .sc-hsaIUA').type(infos2[0]);\ncy.get(':nth-child(2) > :nth-child(2) > .sc-hsaIUA').type(infos1[2]);\ncy.get(':nth-child(6) > :nth-child(2) > .sc-hsaIUA').type(infos[2]);\ncy.get(':nth-child(1) > .sc-bZTyFN > .sc-hlqirL').select('Sem pendências');\ncy.get(':nth-child(2) > .sc-bZTyFN > .sc-hlqirL').select('Outro');\ncy.get('.sc-eGgGjL > :nth-child(1)').click();\ncy.contains('Equipe criada com sucesso!').should('be.visible');\ncy.visit('https://confianopai.com/adm/projetos');\ncy.get('.sc-ckdEwu').type(infos2[0]);\ncy.contains(infos2[0]).should('be.visible');\ncy.get('.sc-gjLLEI').click();\ncy.get('.sc-csKJxZ.fSmuoE').click();\ncy.get('.sc-ppzwM').type(infosAluno2[2]);\ncy.get('.iTLMzn > .sc-csKJxZ').click();\ncy.contains('Projeto atualizado com sucesso!').should('be.visible');",
              "err": {},
              "uuid": "18ad838a-1f39-44a4-9189-2720fa16f67f",
              "parentUUID": "59fa2d4e-871b-40db-a8f4-dc58cfc891e0",
              "isHook": false,
              "skipped": false
            },
            {
              "title": "Trocar um membro ao projeto depois de criado",
              "fullTitle": "Testes da funcionalidade Projetos Trocar um membro ao projeto depois de criado",
              "timedOut": null,
              "duration": 16506,
              "state": "passed",
              "speed": "slow",
              "pass": true,
              "fail": false,
              "pending": false,
              "context": null,
              "code": "let infos = criarUsuarioOrientador();\nlet infos1 = criarUsuarioAluno();\nlet infosAluno2 = criarUsuarioAluno();\nlet infos2 = ProjetoNome();\ncy.visit('https://confianopai.com/adm/add-projeto');\ncy.get('[href=\"/adm/add-projeto/cadastro\"]').click();\ncy.get(':nth-child(1) > :nth-child(2) > .sc-hsaIUA').type(infos2[0]);\ncy.get(':nth-child(2) > :nth-child(2) > .sc-hsaIUA').type(infos1[2]);\ncy.get(':nth-child(6) > :nth-child(2) > .sc-hsaIUA').type(infos[2]);\ncy.get(':nth-child(1) > .sc-bZTyFN > .sc-hlqirL').select('Sem pendências');\ncy.get(':nth-child(2) > .sc-bZTyFN > .sc-hlqirL').select('Outro');\ncy.get('.sc-eGgGjL > :nth-child(1)').click();\ncy.contains('Equipe criada com sucesso!').should('be.visible');\ncy.visit('https://confianopai.com/adm/projetos');\ncy.get('.sc-ckdEwu').type(infos2[0]);\ncy.contains(infos2[0]).should('be.visible');\ncy.get('.sc-gjLLEI').click();\ncy.get(':nth-child(2) > .sc-jiaSqj > .sc-kiTBBF').click();\ncy.get('.sc-ppzwM').clear();\ncy.get('.sc-ppzwM').type(infosAluno2[2]);\ncy.get('.iTLMzn > .sc-csKJxZ').click();\ncy.contains('Projeto atualizado com sucesso!').should('be.visible');",
              "err": {},
              "uuid": "bf992504-3774-4927-aaa3-5f2caa99541a",
              "parentUUID": "59fa2d4e-871b-40db-a8f4-dc58cfc891e0",
              "isHook": false,
              "skipped": false
            },
            {
              "title": "Trocar a posição de integrante de um membro no projeto depois de criado",
              "fullTitle": "Testes da funcionalidade Projetos Trocar a posição de integrante de um membro no projeto depois de criado",
              "timedOut": null,
              "duration": 15649,
              "state": "passed",
              "speed": "slow",
              "pass": true,
              "fail": false,
              "pending": false,
              "context": null,
              "code": "let infos = criarUsuarioOrientador();\nlet infos1 = criarUsuarioAluno();\nlet infosAluno2 = criarUsuarioAluno();\nlet infos2 = ProjetoNome();\ncy.visit('https://confianopai.com/adm/add-projeto');\ncy.get('[href=\"/adm/add-projeto/cadastro\"]').click();\ncy.get(':nth-child(1) > :nth-child(2) > .sc-hsaIUA').type(infos2[0]);\ncy.get(':nth-child(2) > :nth-child(2) > .sc-hsaIUA').type(infos1[2]);\ncy.get(':nth-child(6) > :nth-child(2) > .sc-hsaIUA').type(infos[2]);\ncy.get(':nth-child(1) > .sc-bZTyFN > .sc-hlqirL').select('Sem pendências');\ncy.get(':nth-child(2) > .sc-bZTyFN > .sc-hlqirL').select('Outro');\ncy.get('.sc-eGgGjL > :nth-child(1)').click();\ncy.contains('Equipe criada com sucesso!').should('be.visible');\ncy.visit('https://confianopai.com/adm/projetos');\ncy.get('.sc-ckdEwu').type(infos2[0]);\ncy.contains(infos2[0]).should('be.visible');\ncy.get('.sc-gjLLEI').click();\ncy.get(':nth-child(2) > .sc-jiaSqj > .sc-kiTBBF').click();\ncy.get('.sc-ldgOGP').select('Integrante 4');\ncy.get('.iTLMzn > .sc-csKJxZ').click();\ncy.contains('Projeto atualizado com sucesso!').should('be.visible');",
              "err": {},
              "uuid": "ec113e16-1d42-498c-96dd-22b607c8d34f",
              "parentUUID": "59fa2d4e-871b-40db-a8f4-dc58cfc891e0",
              "isHook": false,
              "skipped": false
            },
            {
              "title": "Trocar o status de um projeto criado",
              "fullTitle": "Testes da funcionalidade Projetos Trocar o status de um projeto criado",
              "timedOut": null,
              "duration": 13053,
              "state": "passed",
              "speed": "slow",
              "pass": true,
              "fail": false,
              "pending": false,
              "context": null,
              "code": "let infos = criarUsuarioOrientador();\nlet infos1 = criarUsuarioAluno();\nlet infos2 = ProjetoNome();\ncy.visit('https://confianopai.com/adm/add-projeto');\ncy.get('[href=\"/adm/add-projeto/cadastro\"]').click();\ncy.get(':nth-child(1) > :nth-child(2) > .sc-hsaIUA').type(infos2[0]);\ncy.get(':nth-child(2) > :nth-child(2) > .sc-hsaIUA').type(infos1[2]);\ncy.get(':nth-child(6) > :nth-child(2) > .sc-hsaIUA').type(infos[2]);\ncy.get(':nth-child(1) > .sc-bZTyFN > .sc-hlqirL').select('Sem pendências');\ncy.get(':nth-child(2) > .sc-bZTyFN > .sc-hlqirL').select('Outro');\ncy.get('.sc-eGgGjL > :nth-child(1)').click();\ncy.contains('Equipe criada com sucesso!').should('be.visible');\ncy.visit('https://confianopai.com/adm/projetos');\ncy.get('.sc-ckdEwu').type(infos2[0]);\ncy.contains(infos2[0]).should('be.visible');\ncy.get('.sc-gjLLEI').click();\ncy.get('.sc-gUjWJS > .sc-kiTBBF').click();\ncy.get(':nth-child(1) > .sc-ldgOGP').select('Desclassificado');\ncy.get('.sc-hiTDLB').click();\ncy.get('.iTLMzn > .sc-csKJxZ').click();\ncy.contains('Projeto atualizado com sucesso!').should('be.visible');",
              "err": {},
              "uuid": "197b8261-05bb-4e48-bbed-2d4bee16fa2f",
              "parentUUID": "59fa2d4e-871b-40db-a8f4-dc58cfc891e0",
              "isHook": false,
              "skipped": false
            },
            {
              "title": "Trocar a paralela de um projeto criado",
              "fullTitle": "Testes da funcionalidade Projetos Trocar a paralela de um projeto criado",
              "timedOut": null,
              "duration": 13366,
              "state": "passed",
              "speed": "slow",
              "pass": true,
              "fail": false,
              "pending": false,
              "context": null,
              "code": "let infos = criarUsuarioOrientador();\nlet infos1 = criarUsuarioAluno();\nlet infos2 = ProjetoNome();\ncy.visit('https://confianopai.com/adm/add-projeto');\ncy.get('[href=\"/adm/add-projeto/cadastro\"]').click();\ncy.get(':nth-child(1) > :nth-child(2) > .sc-hsaIUA').type(infos2[0]);\ncy.get(':nth-child(2) > :nth-child(2) > .sc-hsaIUA').type(infos1[2]);\ncy.get(':nth-child(6) > :nth-child(2) > .sc-hsaIUA').type(infos[2]);\ncy.get(':nth-child(1) > .sc-bZTyFN > .sc-hlqirL').select('Sem pendências');\ncy.get(':nth-child(2) > .sc-bZTyFN > .sc-hlqirL').select('Outro');\ncy.get('.sc-eGgGjL > :nth-child(1)').click();\ncy.contains('Equipe criada com sucesso!').should('be.visible');\ncy.visit('https://confianopai.com/adm/projetos');\ncy.get('.sc-ckdEwu').type(infos2[0]);\ncy.contains(infos2[0]).should('be.visible');\ncy.get('.sc-gjLLEI').click();\ncy.get('.sc-gUjWJS > .sc-kiTBBF').click();\ncy.get(':nth-child(2) > .sc-ldgOGP').select('Projeto teste');\ncy.get('.sc-hiTDLB').click();\ncy.get('.iTLMzn > .sc-csKJxZ').click();\ncy.contains('Projeto atualizado com sucesso!').should('be.visible');",
              "err": {},
              "uuid": "aa0dc7f3-fe22-4ffe-b7f1-83074bd7289a",
              "parentUUID": "59fa2d4e-871b-40db-a8f4-dc58cfc891e0",
              "isHook": false,
              "skipped": false
            },
            {
              "title": "Remover um membro de um grupo e tentar salvar",
              "fullTitle": "Testes da funcionalidade Projetos Remover um membro de um grupo e tentar salvar",
              "timedOut": null,
              "duration": 12688,
              "state": "passed",
              "speed": "slow",
              "pass": true,
              "fail": false,
              "pending": false,
              "context": null,
              "code": "let infos = criarUsuarioOrientador();\nlet infos1 = criarUsuarioAluno();\nlet infos2 = ProjetoNome();\ncy.visit('https://confianopai.com/adm/add-projeto');\ncy.get('[href=\"/adm/add-projeto/cadastro\"]').click();\ncy.get(':nth-child(1) > :nth-child(2) > .sc-hsaIUA').type(infos2[0]);\ncy.get(':nth-child(2) > :nth-child(2) > .sc-hsaIUA').type(infos1[2]);\ncy.get(':nth-child(6) > :nth-child(2) > .sc-hsaIUA').type(infos[2]);\ncy.get(':nth-child(1) > .sc-bZTyFN > .sc-hlqirL').select('Sem pendências');\ncy.get(':nth-child(2) > .sc-bZTyFN > .sc-hlqirL').select('Outro');\ncy.get('.sc-eGgGjL > :nth-child(1)').click();\ncy.contains('Equipe criada com sucesso!').should('be.visible');\ncy.visit('https://confianopai.com/adm/projetos');\ncy.get('.sc-ckdEwu').type(infos2[0]);\ncy.contains(infos2[0]).should('be.visible');\ncy.get('.sc-gjLLEI').click();\ncy.get(':nth-child(2) > .sc-jiaSqj > .sc-hVcFVo').click();\ncy.get('.sc-bbxCgr > :nth-child(1)').click();\ncy.contains(infos1[0]).should('not.exist');\ncy.get('.iTLMzn > .sc-csKJxZ').click();\ncy.contains('Erro ao atualizar o projeto. Por favor, tente novamente.').should('be.visible');",
              "err": {},
              "uuid": "abe396f8-2fad-4783-a4f4-3775a0935574",
              "parentUUID": "59fa2d4e-871b-40db-a8f4-dc58cfc891e0",
              "isHook": false,
              "skipped": false
            },
            {
              "title": "Remover um orientador de um grupo e tentar salvar",
              "fullTitle": "Testes da funcionalidade Projetos Remover um orientador de um grupo e tentar salvar",
              "timedOut": null,
              "duration": 12637,
              "state": "passed",
              "speed": "slow",
              "pass": true,
              "fail": false,
              "pending": false,
              "context": null,
              "code": "let infos = criarUsuarioOrientador();\nlet infos1 = criarUsuarioAluno();\nlet infos2 = ProjetoNome();\ncy.visit('https://confianopai.com/adm/add-projeto');\ncy.get('[href=\"/adm/add-projeto/cadastro\"]').click();\ncy.get(':nth-child(1) > :nth-child(2) > .sc-hsaIUA').type(infos2[0]);\ncy.get(':nth-child(2) > :nth-child(2) > .sc-hsaIUA').type(infos1[2]);\ncy.get(':nth-child(6) > :nth-child(2) > .sc-hsaIUA').type(infos[2]);\ncy.get(':nth-child(1) > .sc-bZTyFN > .sc-hlqirL').select('Sem pendências');\ncy.get(':nth-child(2) > .sc-bZTyFN > .sc-hlqirL').select('Outro');\ncy.get('.sc-eGgGjL > :nth-child(1)').click();\ncy.contains('Equipe criada com sucesso!').should('be.visible');\ncy.visit('https://confianopai.com/adm/projetos');\ncy.get('.sc-ckdEwu').type(infos2[0]);\ncy.contains(infos2[0]).should('be.visible');\ncy.get('.sc-gjLLEI').click();\ncy.get(':nth-child(3) > .sc-jiaSqj > .sc-hVcFVo').click();\ncy.get('.sc-bbxCgr > :nth-child(1)').click();\ncy.contains(infos[0]).should('not.exist');\ncy.get('.iTLMzn > .sc-csKJxZ').click();\ncy.contains('Por favor, adicione um orientador.').should('be.visible');",
              "err": {},
              "uuid": "1adad92f-58a9-4cfb-a6e4-55de537f1e0b",
              "parentUUID": "59fa2d4e-871b-40db-a8f4-dc58cfc891e0",
              "isHook": false,
              "skipped": false
            },
            {
              "title": "Deletar um projeto",
              "fullTitle": "Testes da funcionalidade Projetos Deletar um projeto",
              "timedOut": null,
              "duration": 12841,
              "state": "passed",
              "speed": "slow",
              "pass": true,
              "fail": false,
              "pending": false,
              "context": null,
              "code": "let infos = criarUsuarioOrientador();\nlet infos1 = criarUsuarioAluno();\nlet infos2 = ProjetoNome();\ncy.visit('https://confianopai.com/adm/add-projeto');\ncy.get('[href=\"/adm/add-projeto/cadastro\"]').click();\ncy.get(':nth-child(1) > :nth-child(2) > .sc-hsaIUA').type(infos2[0]);\ncy.get(':nth-child(2) > :nth-child(2) > .sc-hsaIUA').type(infos1[2]);\ncy.get(':nth-child(6) > :nth-child(2) > .sc-hsaIUA').type(infos[2]);\ncy.get(':nth-child(1) > .sc-bZTyFN > .sc-hlqirL').select('Sem pendências');\ncy.get(':nth-child(2) > .sc-bZTyFN > .sc-hlqirL').select('Outro');\ncy.get('.sc-eGgGjL > :nth-child(1)').click();\ncy.contains('Equipe criada com sucesso!').should('be.visible');\ncy.visit('https://confianopai.com/adm/projetos');\ncy.get('.sc-ckdEwu').type(infos2[0]);\ncy.contains(infos2[0]).should('be.visible');\ncy.get('.sc-gjLLEI').click();\ncy.get('.sc-iCKXBC > [viewBox=\"0 0 448 512\"]').click();\ncy.get('.sc-cZpZpK > :nth-child(1)').click();\ncy.get('.sc-ckdEwu').type(infos2[0]);\ncy.contains(infos2[0]).should('not.exist');",
              "err": {},
              "uuid": "b8cd3901-afc3-4088-8eda-69275719b338",
              "parentUUID": "59fa2d4e-871b-40db-a8f4-dc58cfc891e0",
              "isHook": false,
              "skipped": false
            },
            {
              "title": "Alterar o nome de um projeto",
              "fullTitle": "Testes da funcionalidade Projetos Alterar o nome de um projeto",
              "timedOut": null,
              "duration": 13453,
              "state": "passed",
              "speed": "slow",
              "pass": true,
              "fail": false,
              "pending": false,
              "context": null,
              "code": "let infos = criarUsuarioOrientador();\nlet infos1 = criarUsuarioAluno();\nlet infos2 = ProjetoNome();\ncy.visit('https://confianopai.com/adm/add-projeto');\ncy.get('[href=\"/adm/add-projeto/cadastro\"]').click();\ncy.get(':nth-child(1) > :nth-child(2) > .sc-hsaIUA').type(infos2[0]);\ncy.get(':nth-child(2) > :nth-child(2) > .sc-hsaIUA').type(infos1[2]);\ncy.get(':nth-child(6) > :nth-child(2) > .sc-hsaIUA').type(infos[2]);\ncy.get(':nth-child(1) > .sc-bZTyFN > .sc-hlqirL').select('Sem pendências');\ncy.get(':nth-child(2) > .sc-bZTyFN > .sc-hlqirL').select('Outro');\ncy.get('.sc-eGgGjL > :nth-child(1)').click();\ncy.contains('Equipe criada com sucesso!').should('be.visible');\ncy.visit('https://confianopai.com/adm/projetos');\ncy.get('.sc-ckdEwu').type(infos2[0]);\ncy.contains(infos2[0]).should('be.visible');\ncy.get('.sc-gjLLEI').click();\ncy.get('.sc-iCKXBC > [viewBox=\"0 0 576 512\"]').click();\ncy.get('.sc-iVheDh').clear();\ncy.get('.sc-iVheDh').type(infos2[0] + '-Alterado');\ncy.get('.sc-iCKXBC > [viewBox=\"0 0 448 512\"]').click();\ncy.get('.iTLMzn > .sc-csKJxZ').click();\ncy.contains('Projeto atualizado com sucesso!').should('be.visible');",
              "err": {},
              "uuid": "6d4be0be-30ef-4c91-a1f5-57c6108a4065",
              "parentUUID": "59fa2d4e-871b-40db-a8f4-dc58cfc891e0",
              "isHook": false,
              "skipped": false
            },
            {
              "title": "Tentar alterar o nome de um projeto para vazio",
              "fullTitle": "Testes da funcionalidade Projetos Tentar alterar o nome de um projeto para vazio",
              "timedOut": null,
              "duration": 12782,
              "state": "passed",
              "speed": "slow",
              "pass": true,
              "fail": false,
              "pending": false,
              "context": null,
              "code": "let infos = criarUsuarioOrientador();\nlet infos1 = criarUsuarioAluno();\nlet infos2 = ProjetoNome();\ncy.visit('https://confianopai.com/adm/add-projeto');\ncy.get('[href=\"/adm/add-projeto/cadastro\"]').click();\ncy.get(':nth-child(1) > :nth-child(2) > .sc-hsaIUA').type(infos2[0]);\ncy.get(':nth-child(2) > :nth-child(2) > .sc-hsaIUA').type(infos1[2]);\ncy.get(':nth-child(6) > :nth-child(2) > .sc-hsaIUA').type(infos[2]);\ncy.get(':nth-child(1) > .sc-bZTyFN > .sc-hlqirL').select('Sem pendências');\ncy.get(':nth-child(2) > .sc-bZTyFN > .sc-hlqirL').select('Outro');\ncy.get('.sc-eGgGjL > :nth-child(1)').click();\ncy.contains('Equipe criada com sucesso!').should('be.visible');\ncy.visit('https://confianopai.com/adm/projetos');\ncy.get('.sc-ckdEwu').type(infos2[0]);\ncy.contains(infos2[0]).should('be.visible');\ncy.get('.sc-gjLLEI').click();\ncy.get('.sc-iCKXBC > [viewBox=\"0 0 576 512\"]').click();\ncy.get('.sc-iVheDh').clear();\ncy.get('.sc-iCKXBC > [viewBox=\"0 0 448 512\"]').click();\ncy.contains('O nome do projeto não pode estar vazio.').should('be.visible');",
              "err": {},
              "uuid": "d563a492-96c9-4847-88a3-7ff652450623",
              "parentUUID": "59fa2d4e-871b-40db-a8f4-dc58cfc891e0",
              "isHook": false,
              "skipped": false
            }
          ],
          "suites": [],
          "passes": [
            "d1befbd5-5c8d-49bc-9bf3-6d76f0c411fb",
            "7833efe1-12bf-4b3d-a550-947d34219805",
            "2f2144b5-3bc9-44ce-b786-558d39d735d7",
            "fccac0c0-1140-4394-83da-4e3bb65393e9",
            "8d12225f-d149-4348-a07d-9bf47bda9b6e",
            "4807ab47-8549-4419-ac96-d57e360f61c7",
            "e1d40417-85ed-45f8-a9d9-e322f497b6df",
            "12b7535c-34e2-468e-8581-9e39b1b9959c",
            "e97b311a-e714-4e59-8464-84af0058f6e0",
            "7ca9f85b-0d37-44b2-8f50-58ac6848750e",
            "f6ead586-cb55-482a-9589-80c5a5bcb0c6",
            "18ad838a-1f39-44a4-9189-2720fa16f67f",
            "bf992504-3774-4927-aaa3-5f2caa99541a",
            "ec113e16-1d42-498c-96dd-22b607c8d34f",
            "197b8261-05bb-4e48-bbed-2d4bee16fa2f",
            "aa0dc7f3-fe22-4ffe-b7f1-83074bd7289a",
            "abe396f8-2fad-4783-a4f4-3775a0935574",
            "1adad92f-58a9-4cfb-a6e4-55de537f1e0b",
            "b8cd3901-afc3-4088-8eda-69275719b338",
            "6d4be0be-30ef-4c91-a1f5-57c6108a4065",
            "d563a492-96c9-4847-88a3-7ff652450623"
          ],
          "failures": [],
          "pending": [],
          "skipped": [],
          "duration": 232755,
          "root": false,
          "rootEmpty": false,
          "_timeout": 2000
        }
      ],
      "passes": [],
      "failures": [],
      "pending": [],
      "skipped": [],
      "duration": 0,
      "root": true,
      "rootEmpty": true,
      "_timeout": 2000
    }
  ],
  "meta": {
    "mocha": {
      "version": "7.0.1"
    },
    "mochawesome": {
      "options": {
        "quiet": false,
        "reportFilename": "mochawesome",
        "saveHtml": true,
        "saveJson": true,
        "consoleReporter": "spec",
        "useInlineDiffs": false,
        "code": true
      },
      "version": "7.1.3"
    },
    "marge": {
      "options": null,
      "version": "6.2.0"
    }
  }
}