{
  "stats": {
    "suites": 1,
    "tests": 6,
    "passes": 6,
    "pending": 0,
    "failures": 0,
    "start": "2025-05-24T14:16:01.434Z",
    "end": "2025-05-24T14:16:13.193Z",
    "duration": 11759,
    "testsRegistered": 6,
    "passPercent": 100,
    "pendingPercent": 0,
    "other": 0,
    "hasOther": false,
    "skipped": 0,
    "hasSkipped": false
  },
  "results": [
    {
      "uuid": "adf46869-c99d-482b-9bfd-d185887d50b5",
      "title": "",
      "fullFile": "cypress\\e2e\\projetos\\orientador.cy.js",
      "file": "cypress\\e2e\\projetos\\orientador.cy.js",
      "beforeHooks": [],
      "afterHooks": [],
      "tests": [],
      "suites": [
        {
          "uuid": "7862d468-7df8-4d94-b38a-ba7a5c2c7412",
          "title": "Projetos do Orientador",
          "fullFile": "",
          "file": "",
          "beforeHooks": [],
          "afterHooks": [],
          "tests": [
            {
              "title": "Deve exibir a seção de Projetos",
              "fullTitle": "Projetos do Orientador Deve exibir a seção de Projetos",
              "timedOut": null,
              "duration": 2368,
              "state": "passed",
              "speed": "fast",
              "pass": true,
              "fail": false,
              "pending": false,
              "context": null,
              "code": "cy.contains('Projetos').should('exist');",
              "err": {},
              "uuid": "6f8bcc71-859f-4653-a2b8-672b789bb7ab",
              "parentUUID": "7862d468-7df8-4d94-b38a-ba7a5c2c7412",
              "isHook": false,
              "skipped": false
            },
            {
              "title": "Deve listar os projetos orientados",
              "fullTitle": "Projetos do Orientador Deve listar os projetos orientados",
              "timedOut": null,
              "duration": 1477,
              "state": "passed",
              "speed": "fast",
              "pass": true,
              "fail": false,
              "pending": false,
              "context": null,
              "code": "cy.get('.sc-bZHSRq').should('have.length.greaterThan', 0);",
              "err": {},
              "uuid": "ad291ad3-4179-4826-b076-f52cc4a73289",
              "parentUUID": "7862d468-7df8-4d94-b38a-ba7a5c2c7412",
              "isHook": false,
              "skipped": false
            },
            {
              "title": "Deve exibir nome do aluno e status no projeto",
              "fullTitle": "Projetos do Orientador Deve exibir nome do aluno e status no projeto",
              "timedOut": null,
              "duration": 1380,
              "state": "passed",
              "speed": "fast",
              "pass": true,
              "fail": false,
              "pending": false,
              "context": null,
              "code": "cy.get('.sc-bZHSRq').first().within(() => {\n  cy.contains('Paulo porto').should('exist');\n  cy.contains('Status:').should('exist');\n});",
              "err": {},
              "uuid": "a6a86a98-8b9f-4e27-bb09-0fd38e5742de",
              "parentUUID": "7862d468-7df8-4d94-b38a-ba7a5c2c7412",
              "isHook": false,
              "skipped": false
            },
            {
              "title": "Deve navegar para detalhes do projeto ao clicar",
              "fullTitle": "Projetos do Orientador Deve navegar para detalhes do projeto ao clicar",
              "timedOut": null,
              "duration": 1452,
              "state": "passed",
              "speed": "fast",
              "pass": true,
              "fail": false,
              "pending": false,
              "context": null,
              "code": "cy.get('a[href^=\"/orientador/projetos/\"]').first().click();\ncy.url().should('include', '/orientador/projetos/');",
              "err": {},
              "uuid": "45213bbb-1546-4530-919f-a87bbacafa26",
              "parentUUID": "7862d468-7df8-4d94-b38a-ba7a5c2c7412",
              "isHook": false,
              "skipped": false
            },
            {
              "title": "Teste negativo: buscar projeto inexistente deve retornar 0 projetos",
              "fullTitle": "Projetos do Orientador Teste negativo: buscar projeto inexistente deve retornar 0 projetos",
              "timedOut": null,
              "duration": 1751,
              "state": "passed",
              "speed": "fast",
              "pass": true,
              "fail": false,
              "pending": false,
              "context": null,
              "code": "cy.get('input[placeholder=\"Procurar Projeto...\"]').type('Projeto Inexistente');\ncy.get('.sc-bZHSRq').should('have.length', 0);",
              "err": {},
              "uuid": "bc563f9b-3713-4cd6-b402-bdefe78f7eed",
              "parentUUID": "7862d468-7df8-4d94-b38a-ba7a5c2c7412",
              "isHook": false,
              "skipped": false
            },
            {
              "title": "Deve exibir botão de logout após login",
              "fullTitle": "Projetos do Orientador Deve exibir botão de logout após login",
              "timedOut": null,
              "duration": 1537,
              "state": "passed",
              "speed": "fast",
              "pass": true,
              "fail": false,
              "pending": false,
              "context": null,
              "code": "cy.contains('Logout').should('be.visible');",
              "err": {},
              "uuid": "60703302-e53a-47c8-b68d-53874825b312",
              "parentUUID": "7862d468-7df8-4d94-b38a-ba7a5c2c7412",
              "isHook": false,
              "skipped": false
            }
          ],
          "suites": [],
          "passes": [
            "6f8bcc71-859f-4653-a2b8-672b789bb7ab",
            "ad291ad3-4179-4826-b076-f52cc4a73289",
            "a6a86a98-8b9f-4e27-bb09-0fd38e5742de",
            "45213bbb-1546-4530-919f-a87bbacafa26",
            "bc563f9b-3713-4cd6-b402-bdefe78f7eed",
            "60703302-e53a-47c8-b68d-53874825b312"
          ],
          "failures": [],
          "pending": [],
          "skipped": [],
          "duration": 9965,
          "root": false,
          "rootEmpty": false,
          "_timeout": 2000
        }
      ],
      "passes": [],
      "failures": [],
      "pending": [],
      "skipped": [],
      "duration": 0,
      "root": true,
      "rootEmpty": true,
      "_timeout": 2000
    }
  ],
  "meta": {
    "mocha": {
      "version": "7.0.1"
    },
    "mochawesome": {
      "options": {
        "quiet": false,
        "reportFilename": "mochawesome",
        "saveHtml": true,
        "saveJson": true,
        "consoleReporter": "spec",
        "useInlineDiffs": false,
        "code": true
      },
      "version": "7.1.3"
    },
    "marge": {
      "options": null,
      "version": "6.2.0"
    }
  }
}